\BOOKMARK [1][-]{section.1}{Extended Abstract}{}% 1
\BOOKMARK [2][-]{subsection.1.1}{General Instructions for the Submitted Abstract}{section.1}% 2
\BOOKMARK [1][-]{section.2}{Paper}{}% 3
\BOOKMARK [2][-]{subsection.2.1}{General Instructions for the Final Paper}{section.2}% 4
\BOOKMARK [1][-]{section.3}{Page Numbering}{}% 5
\BOOKMARK [1][-]{section.4}{Headings / Level 1 Headings}{}% 6
\BOOKMARK [2][-]{subsection.4.1}{Level 2 Headings}{section.4}% 7
\BOOKMARK [3][-]{subsubsection.4.1.1}{Level 3 Headings}{subsection.4.1}% 8
\BOOKMARK [1][-]{section.5}{Citing References in the Text}{}% 9
\BOOKMARK [2][-]{subsection.5.1}{Bibliographical References}{section.5}% 10
\BOOKMARK [2][-]{subsection.5.2}{Language Resource References}{section.5}% 11
\BOOKMARK [3][-]{subsubsection.5.2.1}{When Citing Language Resources}{subsection.5.2}% 12
\BOOKMARK [3][-]{subsubsection.5.2.2}{When Not Citing Any Language Resource}{subsection.5.2}% 13
\BOOKMARK [1][-]{section.6}{Figures \046 Tables}{}% 14
\BOOKMARK [2][-]{subsection.6.1}{Figures}{section.6}% 15
\BOOKMARK [2][-]{subsection.6.2}{Tables}{section.6}% 16
\BOOKMARK [1][-]{section.7}{Footnotes}{}% 17
\BOOKMARK [1][-]{section.8}{Copyrights}{}% 18
\BOOKMARK [1][-]{section.9}{Conclusion}{}% 19
\BOOKMARK [1][-]{section.10}{Acknowledgements}{}% 20
\BOOKMARK [1][-]{section.11}{Providing References}{}% 21
\BOOKMARK [2][-]{subsection.11.1}{Bibliographical References}{section.11}% 22
\BOOKMARK [2][-]{subsection.11.2}{Language Resource References}{section.11}% 23
\BOOKMARK [1][-]{section.12}{Bibliographical References}{}% 24
\BOOKMARK [1][-]{section.13}{Language Resource References}{}% 25
