> Croatian, word analogy test:
currency_shortcut:0.42% (1/240)
gram11-verbs-antonymsExtended:9.71% (201/2070)
gram2-opposite:86.10% (601/698)
gram4-superlative:51.77% (1024/1978)
city_state:46.32% (176/380)
capital-common-countries:21.25% (51/240)
gram6-nationality_female:53.98% (1167/2162)
gram7-past-tense:78.21% (1220/1560)
currency:0.58% (2/342)
family:34.76% (463/1332)
eu-cities-states:6.16% (65/1056)
gram3-comparative:41.46% (1370/3304)
gram8-plural:35.10% (695/1980)
gram6-nationality:62.13% (2746/4420)
country-world:7.31% (522/7140)
gram12-verbs-pasttoFemale:80.50% (4711/5852)
gram1-adjective-to-adverb:62.01% (537/866)
gram13-verbs-pasttoMale:85.04% (4847/5700)
gram10-adjectives-antonymsExtended:12.59% (857/6806)
city_state_USA:0.37% (8/2162)
gram9-nouns-antonymsExtended:21.24% (1589/7482)
chemical_elements:0.41% (16/3906)
gram0-jobs:95.45% (6815/7140)
---------
total: 43.14% (29684/68816)
semantics: 7.76% (1304/16798)
syntax: 54.56% (28380/52018)
---------
Questions counter: