> Croatian, word analogy test:
currency_shortcut:2.50% (6/240)
gram11-verbs-antonymsExtended:7.25% (150/2070)
gram2-opposite:59.03% (412/698)
gram4-superlative:40.50% (801/1978)
city_state:47.63% (181/380)
capital-common-countries:59.58% (143/240)
gram6-nationality_female:57.77% (1249/2162)
gram7-past-tense:66.67% (1040/1560)
currency:6.43% (22/342)
family:42.72% (569/1332)
eu-cities-states:42.33% (447/1056)
gram3-comparative:43.22% (1428/3304)
gram8-plural:44.24% (876/1980)
gram6-nationality:60.05% (2654/4420)
country-world:40.15% (2867/7140)
gram12-verbs-pasttoFemale:71.04% (4157/5852)
gram1-adjective-to-adverb:35.33% (306/866)
gram13-verbs-pasttoMale:76.04% (4334/5700)
gram10-adjectives-antonymsExtended:18.59% (1265/6806)
city_state_USA:4.30% (93/2162)
gram9-nouns-antonymsExtended:10.80% (808/7482)
chemical_elements:0.74% (29/3906)
gram0-jobs:88.54% (6322/7140)
---------
total: 43.83% (30159/68816)
semantics: 25.94% (4357/16798)
syntax: 49.60% (25802/52018)
---------
Questions counter: