> Croatian, word analogy test:
currency_shortcut:1.25% (3/240)
gram11-verbs-antonymsExtended:6.18% (128/2070)
gram2-opposite:18.05% (126/698)
gram4-superlative:27.70% (548/1978)
city_state:37.89% (144/380)
capital-common-countries:62.50% (150/240)
gram6-nationality_female:19.47% (421/2162)
gram7-past-tense:61.03% (952/1560)
currency:8.19% (28/342)
family:41.82% (557/1332)
eu-cities-states:41.95% (443/1056)
gram3-comparative:33.57% (1109/3304)
gram8-plural:44.65% (884/1980)
gram6-nationality:23.87% (1055/4420)
country-world:44.49% (3252/7310)
gram12-verbs-pasttoFemale:55.66% (3257/5852)
gram1-adjective-to-adverb:21.36% (185/866)
gram13-verbs-pasttoMale:62.89% (3585/5700)
gram10-adjectives-antonymsExtended:13.11% (892/6806)
city_state_USA:8.23% (178/2162)
gram9-nouns-antonymsExtended:10.96% (820/7482)
chemical_elements:2.25% (88/3906)
gram0-jobs:64.06% (4574/7140)
---------
total: 33.89% (23379/68986)
semantics: 28.54% (4843/16968)
syntax: 35.63% (18536/52018)
---------
Questions counter: