> Croatian, word analogy test:
currency_shortcut:2.08% (5/240)
gram11-verbs-antonymsExtended:9.18% (190/2070)
gram2-opposite:17.34% (121/698)
gram4-superlative:33.22% (657/1978)
city_state:22.11% (84/380)
capital-common-countries:44.17% (106/240)
gram6-nationality_female:14.38% (311/2162)
gram7-past-tense:67.31% (1050/1560)
currency:4.68% (16/342)
family:34.83% (464/1332)
eu-cities-states:21.59% (228/1056)
gram3-comparative:34.90% (1153/3304)
gram8-plural:37.12% (735/1980)
gram6-nationality:17.01% (752/4420)
country-world:23.93% (1749/7310)
gram12-verbs-pasttoFemale:60.92% (3565/5852)
gram1-adjective-to-adverb:18.36% (159/866)
gram13-verbs-pasttoMale:66.68% (3801/5700)
gram10-adjectives-antonymsExtended:13.39% (911/6806)
city_state_USA:5.78% (125/2162)
gram9-nouns-antonymsExtended:12.70% (950/7482)
chemical_elements:1.02% (40/3906)
gram0-jobs:68.94% (4922/7140)
---------
total: 32.03% (22094/68986)
semantics: 16.60% (2817/16968)
syntax: 37.06% (19277/52018)
---------
Questions counter: